SF:lib\main.dart
DA:6,0
DA:7,0
DA:11,2
DA:14,1
DA:16,1
DA:18,1
DA:19,1
DA:32,1
DA:35,1
DA:36,1
DA:40,1
DA:42,1
DA:43,1
DA:44,3
DA:46,1
DA:47,1
DA:48,1
DA:49,1
DA:50,0
DA:52,0
DA:53,0
DA:54,0
DA:57,3
DA:60,2
DA:67,1
DA:68,1
DA:71,1
DA:72,1
DA:74,1
DA:76,1
DA:77,1
DA:78,1
DA:79,1
DA:80,1
DA:82,1
DA:83,3
LF:36
LH:30
end_of_record
SF:lib\model\receipe.dart
DA:6,1
DA:8,3
DA:9,1
DA:15,1
DA:21,1
DA:27,1
LF:6
LH:6
end_of_record
SF:lib\recipe_detail.dart
DA:7,0
DA:9,0
DA:11,0
DA:12,0
DA:15,0
DA:16,0
DA:18,0
DA:21,0
DA:28,0
DA:30,0
DA:32,0
DA:33,0
DA:35,0
DA:37,0
DA:39,0
DA:41,0
DA:42,0
DA:52,0
DA:53,0
LF:19
LH:0
end_of_record
